2017-09-21 18:22:55	-------------------  easyRecommendFramework  START  --------------------------
2017-09-22 10:37:44	-------------------  easyRecommendFramework  START  --------------------------
2017-09-22 10:40:42	-------------------  easyRecommendFramework  START  --------------------------
2017-09-28 17:05:50	-------------------  easyRecommendFramework  START  --------------------------
2017-09-28 17:05:50	-------------------  generatePostVec  START         --------------------------
2017-09-28 17:07:33	-------------------  easyRecommendFramework  START  --------------------------
2017-09-28 17:07:33	-------------------  generatePostVec  START         --------------------------
2017-09-28 17:12:10	-------------------  easyRecommendFramework  START  --------------------------
2017-09-28 17:12:10	-------------------  generatePostVec  START         --------------------------
2017-09-28 17:13:16	-------------------  easyRecommendFramework  START  --------------------------
2017-09-28 17:13:16	-------------------  generatePostVec  START         --------------------------
2017-09-28 17:14:20	-------------------  easyRecommendFramework  START  --------------------------
2017-09-28 17:14:20	-------------------  generatePostVec  START         --------------------------
2017-09-28 17:15:02	-------------------  easyRecommendFramework  START  --------------------------
2017-09-28 17:15:02	-------------------  generatePostVec  START         --------------------------
2017-09-28 17:15:37	-------------------  easyRecommendFramework  START  --------------------------
2017-09-28 17:15:37	-------------------  generatePostVec  START         --------------------------
2017-09-28 17:16:34	-------------------  easyRecommendFramework  START  --------------------------
2017-09-28 17:16:34	-------------------  generatePostVec  START         --------------------------
2017-09-28 17:42:26	-------------------  easyRecommendFramework  START  --------------------------
2017-09-28 17:42:26	-------------------  generatePostVec  START         --------------------------
2017-09-29 17:08:30	-------------------  easyRecommendFramework  START  --------------------------
2017-09-29 17:08:30	-------------------  generatePostVec  START         --------------------------
2017-09-29 17:08:53	-------------------  easyRecommendFramework  START  --------------------------
2017-09-29 17:08:53	-------------------  generatePostVec  START         --------------------------
2017-09-29 17:11:20	-------------------  easyRecommendFramework  START  --------------------------
2017-09-29 17:11:20	-------------------  generatePostVec  START         --------------------------
2017-09-29 17:12:33	-------------------  easyRecommendFramework  START  --------------------------
2017-09-29 17:12:33	-------------------  generatePostVec  START         --------------------------
2017-09-29 17:13:54	-------------------  easyRecommendFramework  START  --------------------------
2017-09-29 17:13:54	-------------------  generatePostVec  START         --------------------------
2017-09-29 17:22:18	-------------------  easyRecommendFramework  START  --------------------------
2017-09-29 17:22:18	-------------------  generatePostVec  START         --------------------------
2017-09-29 17:23:31	-------------------  easyRecommendFramework  START  --------------------------
2017-09-29 17:23:31	-------------------  generatePostVec  START         --------------------------
2017-09-29 17:24:27	-------------------  easyRecommendFramework  START  --------------------------
2017-09-29 17:24:27	-------------------  generatePostVec  START         --------------------------
2017-09-29 17:27:17	-------------------  easyRecommendFramework  START  --------------------------
2017-09-29 17:27:17	-------------------  generatePostVec  START         --------------------------
2017-09-29 17:30:32	-------------------  easyRecommendFramework  START  --------------------------
2017-09-29 17:30:32	-------------------  generatePostVec  START         --------------------------
2017-09-29 17:35:33	-------------------  easyRecommendFramework  START  --------------------------
2017-09-29 17:35:33	-------------------  generatePostVec  START         --------------------------
2017-09-29 17:36:14	-------------------  easyRecommendFramework  START  --------------------------
2017-09-29 17:36:14	-------------------  generatePostVec  START         --------------------------
2017-09-29 17:38:29	-------------------  easyRecommendFramework  START  --------------------------
2017-09-29 17:38:29	-------------------  generatePostVec  START         --------------------------
2017-09-29 17:41:11	-------------------  easyRecommendFramework  START  --------------------------
2017-09-29 17:41:11	-------------------  generatePostVec  START         --------------------------
2017-09-29 17:42:01	-------------------  easyRecommendFramework  START  --------------------------
2017-09-29 17:42:01	-------------------  generatePostVec  START         --------------------------
2017-09-29 17:42:51	-------------------  easyRecommendFramework  START  --------------------------
2017-09-29 17:42:51	-------------------  generatePostVec  START         --------------------------
2017-09-29 17:45:51	-------------------  easyRecommendFramework  START  --------------------------
2017-09-29 17:45:51	-------------------  generatePostVec  START         --------------------------
2017-09-29 19:07:19	-------------------  generatePostVec  END           --------------------------
2017-09-29 19:07:19	-------------------  generateUserVec  START         --------------------------
2017-09-30 10:58:49	-------------------  easyRecommendFramework  START  --------------------------
2017-09-30 10:58:49	-------------------  generatePostVec  START         --------------------------
2017-09-30 10:58:49	-------------------  generatePostVec  END           --------------------------
2017-09-30 10:58:49	-------------------  generateUserVec  START         --------------------------
2017-09-30 11:00:07	-------------------  easyRecommendFramework  START  --------------------------
2017-09-30 11:00:07	-------------------  generatePostVec  START         --------------------------
2017-09-30 11:00:07	-------------------  generatePostVec  END           --------------------------
2017-09-30 11:00:07	-------------------  generateUserVec  START         --------------------------
2017-09-30 11:00:08	-------------------  generateUserVec  END           --------------------------
2017-09-30 11:00:08	-------------------  COMPARE          START         --------------------------
2017-09-30 11:02:10	-------------------  easyRecommendFramework  START  --------------------------
2017-09-30 11:02:10	-------------------  generatePostVec  START         --------------------------
2017-09-30 11:02:10	-------------------  generatePostVec  END           --------------------------
2017-09-30 11:02:10	-------------------  generateUserVec  START         --------------------------
2017-09-30 11:05:12	-------------------  easyRecommendFramework  START  --------------------------
2017-09-30 11:05:12	-------------------  generatePostVec  START         --------------------------
2017-09-30 11:05:12	-------------------  generatePostVec  END           --------------------------
2017-09-30 11:05:12	-------------------  generateUserVec  START         --------------------------
2017-09-30 11:05:13	-------------------  generateUserVec  END           --------------------------
2017-09-30 11:05:13	-------------------  COMPARE          START         --------------------------
2017-09-30 11:07:46	-------------------  COMPARE          END           --------------------------
2017-09-30 11:07:46	-------------------  SORT             START         --------------------------
2017-09-30 11:07:48	-------------------  SORT             END           --------------------------
2017-09-30 11:07:48	-------------------  GET TOP          START         --------------------------
2017-09-30 11:07:48	-------------------  easyRecommendFramework   END   --------------------------
2017-09-30 11:20:22	-------------------  easyRecommendFramework  START  --------------------------
2017-09-30 11:20:22	-------------------  generatePostVec  START         --------------------------
2017-09-30 11:20:22	-------------------  generatePostVec  END           --------------------------
2017-09-30 11:20:22	-------------------  generateUserVec  START         --------------------------
2017-09-30 11:20:23	-------------------  generateUserVec  END           --------------------------
2017-09-30 11:20:23	-------------------  COMPARE          START         --------------------------
2017-09-30 11:21:38	-------------------  COMPARE          END           --------------------------
2017-09-30 11:21:38	-------------------  SORT             START         --------------------------
2017-09-30 11:21:39	-------------------  SORT             END           --------------------------
2017-09-30 11:21:39	-------------------  GET TOP          START         --------------------------
2017-09-30 11:21:39	-------------------  easyRecommendFramework   END   --------------------------
2017-09-30 11:23:08	-------------------  easyRecommendFramework  START  --------------------------
2017-09-30 11:23:08	-------------------  generatePostVec  START         --------------------------
2017-09-30 11:23:08	-------------------  generatePostVec  END           --------------------------
2017-09-30 11:23:08	-------------------  generateUserVec  START         --------------------------
2017-09-30 11:23:09	-------------------  generateUserVec  END           --------------------------
2017-09-30 11:23:09	-------------------  COMPARE          START         --------------------------
2017-09-30 11:24:25	-------------------  COMPARE          END           --------------------------
2017-09-30 11:24:25	-------------------  SORT             START         --------------------------
2017-09-30 11:24:25	-------------------  SORT             END           --------------------------
2017-09-30 11:24:25	-------------------  GET TOP          START         --------------------------
2017-09-30 11:24:25	-------------------  easyRecommendFramework   END   --------------------------
2017-09-30 11:29:02	-------------------  easyRecommendFramework  START  --------------------------
2017-09-30 11:29:02	-------------------  generatePostVec  START         --------------------------
2017-09-30 11:29:02	-------------------  generatePostVec  END           --------------------------
2017-09-30 11:29:02	-------------------  generateUserVec  START         --------------------------
2017-09-30 11:29:03	-------------------  generateUserVec  END           --------------------------
2017-09-30 11:29:03	-------------------  COMPARE          START         --------------------------
2017-09-30 11:30:19	-------------------  COMPARE          END           --------------------------
2017-09-30 11:30:19	-------------------  SORT             START         --------------------------
2017-09-30 11:30:19	-------------------  SORT             END           --------------------------
2017-09-30 11:30:19	-------------------  GET TOP          START         --------------------------
2017-09-30 11:30:19	-------------------  easyRecommendFramework   END   --------------------------
2017-09-30 11:35:47	-------------------  easyRecommendFramework  START  --------------------------
2017-09-30 11:35:47	-------------------  generatePostVec  START         --------------------------
2017-09-30 11:35:47	-------------------  generatePostVec  END           --------------------------
2017-09-30 11:35:47	-------------------  generateUserVec  START         --------------------------
2017-09-30 11:35:48	-------------------  generateUserVec  END           --------------------------
2017-09-30 11:35:48	-------------------  COMPARE          START         --------------------------
2017-09-30 11:37:02	-------------------  COMPARE          END           --------------------------
2017-09-30 11:37:02	-------------------  SORT             START         --------------------------
2017-09-30 11:37:03	-------------------  SORT             END           --------------------------
2017-09-30 11:37:03	-------------------  GET TOP          START         --------------------------
2017-09-30 11:37:03	-------------------  easyRecommendFramework   END   --------------------------
2017-09-30 11:48:37	-------------------  easyRecommendFramework  START  --------------------------
2017-09-30 11:48:37	-------------------  generatePostVec  START         --------------------------
2017-09-30 11:48:37	-------------------  generatePostVec  END           --------------------------
2017-09-30 11:48:37	-------------------  generateUserVec  START         --------------------------
2017-09-30 11:48:38	-------------------  generateUserVec  END           --------------------------
2017-09-30 11:48:38	-------------------  COMPARE          START         --------------------------
2017-09-30 11:49:52	-------------------  COMPARE          END           --------------------------
2017-09-30 11:49:52	-------------------  SORT             START         --------------------------
2017-09-30 11:49:53	-------------------  SORT             END           --------------------------
2017-09-30 11:49:53	-------------------  GET TOP          START         --------------------------
2017-09-30 11:49:53	-------------------  easyRecommendFramework   END   --------------------------
2017-09-30 11:53:40	-------------------  easyRecommendFramework  START  --------------------------
2017-09-30 11:53:40	-------------------  generatePostVec  START         --------------------------
2017-09-30 11:53:40	-------------------  generatePostVec  END           --------------------------
2017-09-30 11:53:40	-------------------  generateUserVec  START         --------------------------
2017-09-30 11:53:41	-------------------  generateUserVec  END           --------------------------
2017-09-30 11:53:41	-------------------  COMPARE          START         --------------------------
2017-09-30 11:54:56	-------------------  COMPARE          END           --------------------------
2017-09-30 11:54:56	-------------------  SORT             START         --------------------------
2017-09-30 11:57:43	-------------------  easyRecommendFramework  START  --------------------------
2017-09-30 11:57:43	-------------------  generatePostVec  START         --------------------------
2017-09-30 11:57:43	-------------------  generatePostVec  END           --------------------------
2017-09-30 11:57:43	-------------------  generateUserVec  START         --------------------------
2017-09-30 11:57:44	-------------------  generateUserVec  END           --------------------------
2017-09-30 11:57:44	-------------------  COMPARE          START         --------------------------
2017-09-30 11:58:59	-------------------  COMPARE          END           --------------------------
2017-09-30 11:58:59	-------------------  SORT             START         --------------------------
2017-09-30 12:00:20	-------------------  easyRecommendFramework  START  --------------------------
2017-09-30 12:00:20	-------------------  generatePostVec  START         --------------------------
2017-09-30 12:00:20	-------------------  generatePostVec  END           --------------------------
2017-09-30 12:00:20	-------------------  generateUserVec  START         --------------------------
2017-09-30 12:00:21	-------------------  generateUserVec  END           --------------------------
2017-09-30 12:00:21	-------------------  COMPARE          START         --------------------------
2017-09-30 12:01:34	-------------------  COMPARE          END           --------------------------
2017-09-30 12:01:34	-------------------  SORT             START         --------------------------
2017-09-30 12:02:24	-------------------  easyRecommendFramework  START  --------------------------
2017-09-30 12:02:24	-------------------  generatePostVec  START         --------------------------
2017-09-30 12:02:24	-------------------  generatePostVec  END           --------------------------
2017-09-30 12:02:24	-------------------  generateUserVec  START         --------------------------
2017-09-30 12:02:25	-------------------  generateUserVec  END           --------------------------
2017-09-30 12:02:25	-------------------  COMPARE          START         --------------------------
2017-09-30 12:03:39	-------------------  COMPARE          END           --------------------------
2017-09-30 12:03:39	-------------------  SORT             START         --------------------------
2017-09-30 12:03:40	-------------------  SORT             END           --------------------------
2017-09-30 12:03:40	-------------------  GET TOP          START         --------------------------
2017-09-30 12:48:24	-------------------  easyRecommendFramework  START  --------------------------
2017-09-30 12:48:24	-------------------  generatePostVec  START         --------------------------
2017-09-30 12:48:24	-------------------  generatePostVec  END           --------------------------
2017-09-30 12:48:24	-------------------  generateUserVec  START         --------------------------
2017-09-30 12:48:25	-------------------  generateUserVec  END           --------------------------
2017-09-30 12:48:25	-------------------  COMPARE          START         --------------------------
2017-09-30 12:49:39	-------------------  COMPARE          END           --------------------------
2017-09-30 12:49:39	-------------------  SORT             START         --------------------------
2017-09-30 12:49:40	-------------------  SORT             END           --------------------------
2017-09-30 12:49:40	-------------------  GET TOP          START         --------------------------
2017-09-30 12:51:19	-------------------  easyRecommendFramework  START  --------------------------
2017-09-30 12:51:19	-------------------  generatePostVec  START         --------------------------
2017-09-30 12:51:19	-------------------  generatePostVec  END           --------------------------
2017-09-30 12:51:19	-------------------  generateUserVec  START         --------------------------
2017-09-30 12:51:20	-------------------  generateUserVec  END           --------------------------
2017-09-30 12:51:20	-------------------  COMPARE          START         --------------------------
2017-09-30 12:52:35	-------------------  COMPARE          END           --------------------------
2017-09-30 12:52:35	-------------------  SORT             START         --------------------------
2017-09-30 12:52:35	-------------------  SORT             END           --------------------------
2017-09-30 12:52:35	-------------------  GET TOP          START         --------------------------
2017-09-30 12:52:35	-------------------  easyRecommendFramework   END   --------------------------
2017-09-30 13:32:21	-------------------  easyRecommendFramework  START  --------------------------
2017-09-30 13:32:21	-------------------  generatePostVec  START         --------------------------
2017-09-30 13:32:21	-------------------  generatePostVec  END           --------------------------
2017-09-30 13:32:21	-------------------  generateUserVec  START         --------------------------
2017-09-30 13:32:22	-------------------  generateUserVec  END           --------------------------
2017-09-30 13:32:22	-------------------  COMPARE          START         --------------------------
2017-09-30 13:32:22	-------------------  COMPARE          END           --------------------------
2017-09-30 13:32:22	-------------------  SORT             START         --------------------------
2017-09-30 13:32:22	-------------------  SORT             END           --------------------------
2017-09-30 13:32:22	-------------------  GET TOP          START         --------------------------
2017-09-30 13:32:22	-------------------  easyRecommendFramework   END   --------------------------
2017-09-30 13:34:20	-------------------  easyRecommendFramework  START  --------------------------
2017-09-30 13:34:20	-------------------  generatePostVec  START         --------------------------
2017-09-30 13:34:20	-------------------  generatePostVec  END           --------------------------
2017-09-30 13:34:20	-------------------  generateUserVec  START         --------------------------
2017-09-30 13:34:21	-------------------  generateUserVec  END           --------------------------
2017-09-30 13:34:21	-------------------  COMPARE          START         --------------------------
2017-09-30 13:35:36	-------------------  COMPARE          END           --------------------------
2017-09-30 13:35:36	-------------------  SORT             START         --------------------------
2017-09-30 13:35:37	-------------------  SORT             END           --------------------------
2017-09-30 13:35:37	-------------------  GET TOP          START         --------------------------
2017-09-30 13:35:37	-------------------  easyRecommendFramework   END   --------------------------
2017-09-30 13:39:56	-------------------  easyRecommendFramework  START  --------------------------
2017-09-30 13:39:56	-------------------  generatePostVec  START         --------------------------
2017-09-30 13:39:56	-------------------  generatePostVec  END           --------------------------
2017-09-30 13:39:56	-------------------  generateUserVec  START         --------------------------
2017-09-30 13:39:57	-------------------  generateUserVec  END           --------------------------
2017-09-30 13:39:57	-------------------  COMPARE          START         --------------------------
2017-09-30 13:41:12	-------------------  COMPARE          END           --------------------------
2017-09-30 13:41:12	-------------------  SORT             START         --------------------------
2017-09-30 13:41:13	-------------------  SORT             END           --------------------------
2017-09-30 13:41:13	-------------------  GET TOP          START         --------------------------
2017-09-30 13:41:13	-------------------  easyRecommendFramework   END   --------------------------
2017-09-30 13:49:06	-------------------  easyRecommendFramework  START  --------------------------
2017-09-30 13:49:06	-------------------  generatePostVec  START         --------------------------
2017-09-30 13:49:06	-------------------  generatePostVec  END           --------------------------
2017-09-30 13:49:06	-------------------  generateUserVec  START         --------------------------
2017-09-30 13:49:06	-------------------  generateUserVec  END           --------------------------
2017-09-30 13:49:06	-------------------  COMPARE          START         --------------------------
2017-09-30 13:50:21	-------------------  COMPARE          END           --------------------------
2017-09-30 13:50:21	-------------------  SORT             START         --------------------------
2017-09-30 13:50:22	-------------------  SORT             END           --------------------------
2017-09-30 13:50:22	-------------------  GET TOP          START         --------------------------
2017-09-30 13:50:22	-------------------  easyRecommendFramework   END   --------------------------
2017-09-30 13:55:00	-------------------  easyRecommendFramework  START  --------------------------
2017-09-30 13:55:00	-------------------  generatePostVec  START         --------------------------
2017-09-30 13:55:00	-------------------  generatePostVec  END           --------------------------
2017-09-30 13:55:00	-------------------  generateUserVec  START         --------------------------
2017-09-30 13:55:01	-------------------  generateUserVec  END           --------------------------
2017-09-30 13:55:01	-------------------  COMPARE          START         --------------------------
2017-09-30 13:56:16	-------------------  COMPARE          END           --------------------------
2017-09-30 13:56:16	-------------------  SORT             START         --------------------------
2017-09-30 13:56:17	-------------------  SORT             END           --------------------------
2017-09-30 13:56:17	-------------------  GET TOP          START         --------------------------
2017-09-30 13:56:17	-------------------  easyRecommendFramework   END   --------------------------
2017-09-30 13:56:33	-------------------  easyRecommendFramework  START  --------------------------
2017-09-30 13:56:33	-------------------  generatePostVec  START         --------------------------
2017-09-30 13:56:33	-------------------  generatePostVec  END           --------------------------
2017-09-30 13:56:33	-------------------  generateUserVec  START         --------------------------
2017-09-30 13:57:35	-------------------  easyRecommendFramework  START  --------------------------
2017-09-30 13:57:35	-------------------  generatePostVec  START         --------------------------
2017-09-30 13:57:35	-------------------  generatePostVec  END           --------------------------
2017-09-30 13:57:35	-------------------  generateUserVec  START         --------------------------
2017-09-30 13:57:36	-------------------  generateUserVec  END           --------------------------
2017-09-30 13:57:36	-------------------  COMPARE          START         --------------------------
2017-09-30 13:58:51	-------------------  COMPARE          END           --------------------------
2017-09-30 13:58:51	-------------------  SORT             START         --------------------------
2017-09-30 13:58:52	-------------------  SORT             END           --------------------------
2017-09-30 13:58:52	-------------------  GET TOP          START         --------------------------
2017-09-30 13:58:52	-------------------  easyRecommendFramework   END   --------------------------
2017-09-30 13:59:32	-------------------  easyRecommendFramework  START  --------------------------
2017-09-30 13:59:32	-------------------  generatePostVec  START         --------------------------
2017-09-30 13:59:32	-------------------  generatePostVec  END           --------------------------
2017-09-30 13:59:32	-------------------  generateUserVec  START         --------------------------
2017-09-30 14:05:34	-------------------  generateUserVec  END           --------------------------
2017-09-30 14:05:34	-------------------  COMPARE          START         --------------------------
2017-09-30 14:06:49	-------------------  COMPARE          END           --------------------------
2017-09-30 14:06:49	-------------------  SORT             START         --------------------------
2017-09-30 14:06:49	-------------------  SORT             END           --------------------------
2017-09-30 14:06:49	-------------------  GET TOP          START         --------------------------
2017-09-30 14:06:49	-------------------  easyRecommendFramework   END   --------------------------
2017-09-30 14:07:27	-------------------  easyRecommendFramework  START  --------------------------
2017-09-30 14:07:27	-------------------  generatePostVec  START         --------------------------
2017-09-30 14:07:27	-------------------  generatePostVec  END           --------------------------
2017-09-30 14:07:27	-------------------  generateUserVec  START         --------------------------
2017-09-30 14:07:28	-------------------  generateUserVec  END           --------------------------
2017-09-30 14:07:28	-------------------  COMPARE          START         --------------------------
2017-09-30 14:08:42	-------------------  COMPARE          END           --------------------------
2017-09-30 14:08:42	-------------------  SORT             START         --------------------------
2017-09-30 14:08:43	-------------------  SORT             END           --------------------------
2017-09-30 14:08:43	-------------------  GET TOP          START         --------------------------
2017-09-30 14:08:43	-------------------  easyRecommendFramework   END   --------------------------
2017-09-30 14:10:23	-------------------  easyRecommendFramework  START  --------------------------
2017-09-30 14:10:23	-------------------  generatePostVec  START         --------------------------
2017-09-30 14:10:23	-------------------  generatePostVec  END           --------------------------
2017-09-30 14:10:23	-------------------  generateUserVec  START         --------------------------
2017-09-30 14:10:24	-------------------  generateUserVec  END           --------------------------
2017-09-30 14:10:24	-------------------  COMPARE          START         --------------------------
2017-09-30 14:11:41	-------------------  COMPARE          END           --------------------------
2017-09-30 14:11:41	-------------------  SORT             START         --------------------------
2017-09-30 14:11:41	-------------------  SORT             END           --------------------------
2017-09-30 14:11:41	-------------------  GET TOP          START         --------------------------
2017-09-30 14:11:41	-------------------  easyRecommendFramework   END   --------------------------
2017-09-30 14:47:28	-------------------  easyRecommendFramework  START  --------------------------
2017-09-30 14:47:28	-------------------  generatePostVec  START         --------------------------
2017-09-30 14:47:28	-------------------  generatePostVec  END           --------------------------
2017-09-30 14:47:28	-------------------  generateUserVec  START         --------------------------
2017-09-30 14:57:02	-------------------  easyRecommendFramework  START  --------------------------
2017-09-30 14:57:02	-------------------  generatePostVec  START         --------------------------
2017-09-30 14:57:02	-------------------  generatePostVec  END           --------------------------
2017-09-30 14:57:02	-------------------  generateUserVec  START         --------------------------
2017-09-30 15:05:45	-------------------  generateUserVec  END           --------------------------
2017-09-30 15:05:45	-------------------  COMPARE          START         --------------------------
2017-09-30 15:08:15	-------------------  COMPARE          END           --------------------------
2017-09-30 15:08:15	-------------------  SORT             START         --------------------------
2017-09-30 15:08:15	-------------------  SORT             END           --------------------------
2017-09-30 15:08:15	-------------------  GET TOP          START         --------------------------
2017-09-30 15:08:15	-------------------  easyRecommendFramework   END   --------------------------
